<?xml version="1.0" encoding="utf-8"?><testsuites name="pytest tests"><testsuite name="pytest" errors="0" failures="0" skipped="0" tests="13" time="10.497" timestamp="2026-09-05T09:09:31.261261+00:00" hostname="agent-env-ea767255-3460-4538-8e69-64263208ccca"><testcase classname="tests.test_artha_backend.TestHealth" name="test_root" time="0.316" /><testcase classname="tests.test_artha_backend.TestSeed" name="test_seed_repeatable" time="0.095" /><testcase classname="tests.test_artha_backend.TestDashboard" name="test_dashboard_shape_and_mystery" time="0.057" /><testcase classname="tests.test_artha_backend.TestTransactions" name="test_list_all" time="0.054" /><testcase classname="tests.test_artha_backend.TestTransactions" name="test_filter_upi" time="0.049" /><testcase classname="tests.test_artha_backend.TestTransactions" name="test_create_transaction_and_balance_updates" time="0.322" /><testcase classname="tests.test_artha_backend.TestControl" name="test_control_has_high_5000_balance_mismatch" time="0.044" /><testcase classname="tests.test_artha_backend.TestCommitments" name="test_list" time="0.044" /><testcase classname="tests.test_artha_backend.TestCommitments" name="test_create_commitment" time="0.125" /><testcase classname="tests.test_artha_backend.TestAsk" name="test_ask_5000_shortfall_english" time="2.987" /><testcase classname="tests.test_artha_backend.TestAsk" name="test_ask_hindi_devanagari" time="3.988" /><testcase classname="tests.test_artha_backend.TestAsk" name="test_ask_affordability" time="2.318" /><testcase classname="tests.test_artha_backend.TestRazorpay" name="test_status" time="0.046" /></testsuite></testsuites>